DiagnosticsPlugin.exe Information: 0 : [6/6/2017 11:18:06 PM] Starting DiagnosticPlugin.exe DiagnosticPlugin-ShutdownEvent DiagnosticPlugin-TotalShutdownEvent -wadVer1v5
DiagnosticsPlugin.exe Information: 0 : [6/6/2017 11:18:06 PM] Successfully saved IIS Directory state
DiagnosticsPlugin.exe Information: 0 : [6/6/2017 11:18:06 PM] Successfully saved IIS Directory state
DiagnosticsPlugin.exe Information: 0 : [6/6/2017 11:18:06 PM] Successfully saved IIS Directory state
DiagnosticsPlugin.exe Information: 0 : [6/6/2017 11:18:06 PM] Starting DiagnosticsPlugin
DiagnosticsPlugin.exe Information: 0 : [6/6/2017 11:18:06 PM] Emulator config file set to C:\Users\pdelosreyes\Documents\GitHub\dlR_ManageAppVars\WebApps\SignalrBackendService\csx\Debug\roles\SignalrWebService\approot\diagnostics.wadcfgx
DiagnosticsPlugin.exe Information: 0 : [6/6/2017 11:18:06 PM] DiagnosticsStoreRootPath set to: C:\Users\pdelosreyes\AppData\Local\dftmp\Resources\927a95c4-3ad3-4945-ba9f-1ef402bef2de
DiagnosticsPlugin.exe Information: 0 : [6/6/2017 11:18:06 PM] Loading config file: C:\Users\pdelosreyes\Documents\GitHub\dlR_ManageAppVars\WebApps\SignalrBackendService\csx\Debug\roles\SignalrWebService\approot\diagnostics.wadcfgx
DiagnosticsPlugin.exe Information: 0 : [6/6/2017 11:18:06 PM] Config file to read: C:\Users\pdelosreyes\Documents\GitHub\dlR_ManageAppVars\WebApps\SignalrBackendService\csx\Debug\roles\SignalrWebService\approot\diagnostics.wadcfgx
DiagnosticsPlugin.exe Information: 0 : [6/6/2017 11:18:06 PM] Checking VM Type
DiagnosticsPlugin.exe Information: 0 : [6/6/2017 11:18:06 PM] Emulator config file set to C:\Users\pdelosreyes\Documents\GitHub\dlR_ManageAppVars\WebApps\SignalrBackendService\csx\Debug\roles\SignalrWebService\approot\diagnostics.wadcfgx
DiagnosticsPlugin.exe Information: 0 : [6/6/2017 11:18:06 PM] Extension set to Emulator Mode
DiagnosticsPlugin.exe Information: 0 : [6/6/2017 11:18:06 PM] Reading XML configuration file
DiagnosticsPlugin.exe Information: 0 : [6/6/2017 11:18:06 PM] Bypassing private config decryption
DiagnosticsPlugin.exe Information: 0 : [6/6/2017 11:18:06 PM] WadCfg is provided in initial configuration. Using that to initialize Diagnostics.
DiagnosticsPlugin.exe Information: 0 : [6/6/2017 11:18:06 PM] <PublicConfig xmlns="http://schemas.microsoft.com/ServiceHosting/2010/10/DiagnosticsConfiguration">
  <WadCfg>
    <DiagnosticMonitorConfiguration overallQuotaInMB="4096">
      <DiagnosticInfrastructureLogs />
      <Directories>
        <IISLogs containerName="wad-iis-logfiles" />
      </Directories>
      <PerformanceCounters>
        <PerformanceCounterConfiguration counterSpecifier="\Memory\Available MBytes" sampleRate="PT3M" />
        <PerformanceCounterConfiguration counterSpecifier="\Web Service(_Total)\ISAPI Extension Requests/sec" sampleRate="PT3M" />
        <PerformanceCounterConfiguration counterSpecifier="\Web Service(_Total)\Bytes Total/Sec" sampleRate="PT3M" />
        <PerformanceCounterConfiguration counterSpecifier="\ASP.NET Applications(__Total__)\Requests/Sec" sampleRate="PT3M" />
        <PerformanceCounterConfiguration counterSpecifier="\ASP.NET Applications(__Total__)\Errors Total/Sec" sampleRate="PT3M" />
        <PerformanceCounterConfiguration counterSpecifier="\ASP.NET\Requests Queued" sampleRate="PT3M" />
        <PerformanceCounterConfiguration counterSpecifier="\ASP.NET\Requests Rejected" sampleRate="PT3M" />
      </PerformanceCounters>
      <WindowsEventLog scheduledTransferPeriod="PT1M">
        <DataSource name="Application!*" />
      </WindowsEventLog>
      <Logs scheduledTransferPeriod="PT1M" scheduledTransferLogLevelFilter="Error" />
    </DiagnosticMonitorConfiguration>
  </WadCfg>
  <StorageAccount>devstoreaccount1</StorageAccount>
</PublicConfig>
DiagnosticsPlugin.exe Information: 0 : [6/6/2017 11:18:06 PM] Private setting is loaded
DiagnosticsPlugin.exe Information: 0 : [6/6/2017 11:18:06 PM] Is config json/xml loaded
DiagnosticsPlugin.exe Information: 0 : [6/6/2017 11:18:06 PM] Checking if configuration needs to be fetched from the storage account and doing so if needed.
DiagnosticsPlugin.exe Information: 0 : [6/6/2017 11:18:06 PM] Successfully created checkpoint file C:\Users\pdelosreyes\AppData\Local\dftmp\Resources\927a95c4-3ad3-4945-ba9f-1ef402bef2de\WAD0105\Configuration\Checkpoint.txt
DiagnosticsPlugin.exe Information: 0 : [6/6/2017 11:18:06 PM] Will use local resource directory C:\Users\pdelosreyes\AppData\Local\dftmp\Resources\927a95c4-3ad3-4945-ba9f-1ef402bef2de\WAD0105
DiagnosticsPlugin.exe Information: 0 : [6/6/2017 11:18:06 PM] Will use endpoint https://core.windows.net for storage.
DiagnosticsPlugin.exe Information: 0 : [6/6/2017 11:18:07 PM] Expanding path %SystemDrive%\inetpub\logs\LogFiles to C:\inetpub\logs\LogFiles
DiagnosticsPlugin.exe Information: 0 : [6/6/2017 11:18:07 PM] Expanding path %SystemDrive%\inetpub\logs\FailedReqLogFiles to C:\inetpub\logs\FailedReqLogFiles
DiagnosticsPlugin.exe Information: 0 : [6/6/2017 11:18:07 PM] Expanding path %SystemDrive%\inetpub\logs\LogFiles to C:\inetpub\logs\LogFiles
DiagnosticsPlugin.exe Information: 0 : [6/6/2017 11:18:07 PM] Expanding path %SystemDrive%\inetpub\logs\FailedReqLogFiles to C:\inetpub\logs\FailedReqLogFiles
DiagnosticsPlugin.exe Information: 0 : [6/6/2017 11:18:07 PM] Expanding path %SystemDrive%\inetpub\logs\LogFiles to C:\inetpub\logs\LogFiles
DiagnosticsPlugin.exe Information: 0 : [6/6/2017 11:18:07 PM] Expanding path %SystemDrive%\inetpub\logs\FailedReqLogFiles to C:\inetpub\logs\FailedReqLogFiles
DiagnosticsPlugin.exe Information: 0 : [6/6/2017 11:18:07 PM] Created IIS log watch item: "C:\inetpub\logs\LogFiles"
DiagnosticsPlugin.exe Information: 0 : [6/6/2017 11:18:07 PM] Running in emulator mode, crash dumps not enabled
DiagnosticsPlugin.exe Information: 0 : [6/6/2017 11:18:07 PM] Checking to see if Application Insights extension needs to be configured.
DiagnosticsPlugin.exe Information: 0 : [6/6/2017 11:18:07 PM] In emulator mode and using devstore updating XStoreAccount info, command line args: -LocalPath "C:\Users\pdelosreyes\AppData\Local\dftmp\Resources\927a95c4-3ad3-4945-ba9f-1ef402bef2de\WAD0105"  -ConfigFile "C:\Users\pdelosreyes\AppData\Local\dftmp\Resources\927a95c4-3ad3-4945-ba9f-1ef402bef2de\WAD0105\Configuration\MaConfig.xml" -ShutDownEvent WADDM-ShutDown-c3f7233f76414679913a85a1cd5dbaf7  -TotalShutDownEvent WADDM-TotalShutDown-c3f7233f76414679913a85a1cd5dbaf7 -InitializedEvent WADM-StartUp-c3f7233f76414679913a85a1cd5dbaf7 -parent 29552 -events -wadVer1v5 -UseProxyServer -XStoreAccounts WadAccount#true#devstoreaccount1#Eby8vdM02xNOcqFlqUwJPLlmEtlCDXJ1OUzFT50uSRZ6IFsuFq2UVErCz4I6tq/K1SZFPTOtr/KBHBeksoGMGw==#http://127.0.0.1:10002#http://127.0.0.1:10001#http://127.0.0.1:10000
DiagnosticsPlugin.exe Error: 0 : [6/6/2017 11:18:37 PM] Microsoft.Cis.Monitoring.Query.QueryException: ErrorFail
   at Microsoft.Cis.Monitoring.Query.QueryLocalTable..ctor(String TableName, String TablePath)
   at ApplicationInsightsExtension.MATableReader.ReadTableRecords(String tableName, String tablePath, DateTime startTime, DateTime endTime)
   at Microsoft.Azure.Plugins.Diagnostics.dll.MAStatusWriter.UpdateStatusReport(Object sender, ElapsedEventArgs e)
