2/17/2017 12:20:48 PM	This log contains information about the import schema operation into project 'DevOps' on computer '168LYR1' by user 'pdelosreyes'.
2/17/2017 12:20:48 PM	Import of database schema has started.
2/17/2017 12:20:56 PM	Gathering database options
2/17/2017 12:20:56 PM	Gathering users
2/17/2017 12:20:56 PM	Gathering roles
2/17/2017 12:20:56 PM	Gathering application roles
2/17/2017 12:20:56 PM	Gathering role memberships
2/17/2017 12:20:56 PM	Gathering filegroups
2/17/2017 12:20:56 PM	Gathering full-text catalogs
2/17/2017 12:20:56 PM	Gathering assemblies
2/17/2017 12:20:56 PM	Gathering certificates
2/17/2017 12:20:56 PM	Gathering asymmetric keys
2/17/2017 12:20:56 PM	Gathering symmetric keys
2/17/2017 12:20:56 PM	Gathering encrypted symmetric keys
2/17/2017 12:20:56 PM	Gathering schemas
2/17/2017 12:20:56 PM	Gathering XML schema collections
2/17/2017 12:20:56 PM	Gathering user-defined data types
2/17/2017 12:20:56 PM	Gathering user-defined types
2/17/2017 12:20:56 PM	Gathering table types
2/17/2017 12:20:56 PM	Gathering unique keys for table types
2/17/2017 12:20:56 PM	Gathering primary keys for table types
2/17/2017 12:20:56 PM	Gathering indexes for table types
2/17/2017 12:20:56 PM	Gathering check constraints for table types
2/17/2017 12:20:56 PM	Gathering default constraints for table types
2/17/2017 12:20:56 PM	Gathering partition functions
2/17/2017 12:20:56 PM	Gathering partition schemes
2/17/2017 12:20:56 PM	Gathering functions
2/17/2017 12:20:56 PM	Gathering encrypted functions
2/17/2017 12:20:56 PM	Gathering aggregates
2/17/2017 12:20:56 PM	Gathering procedures
2/17/2017 12:20:57 PM	Gathering encrypted procedures
2/17/2017 12:20:57 PM	Gathering tables
2/17/2017 12:20:57 PM	Gathering primary keys
2/17/2017 12:20:57 PM	Gathering unique constraints
2/17/2017 12:20:57 PM	Gathering foreign keys
2/17/2017 12:20:57 PM	Gathering default constraints
2/17/2017 12:20:57 PM	Gathering check constraints
2/17/2017 12:20:57 PM	Gathering views
2/17/2017 12:20:57 PM	Gathering encrypted views
2/17/2017 12:20:57 PM	Gathering indexes
2/17/2017 12:20:57 PM	Gathering statistics
2/17/2017 12:20:57 PM	Gathering full-text index stoplists
2/17/2017 12:20:57 PM	Gathering search property lists
2/17/2017 12:20:57 PM	Gathering search properties
2/17/2017 12:20:57 PM	Gathering full-text indexes
2/17/2017 12:20:57 PM	Gathering column store indexes
2/17/2017 12:20:57 PM	Gathering spatial indexes
2/17/2017 12:20:57 PM	Gathering XML indexes
2/17/2017 12:20:57 PM	Gathering Selective XML indexes
2/17/2017 12:20:57 PM	Gathering encrypted triggers
2/17/2017 12:20:57 PM	Gathering triggers
2/17/2017 12:20:57 PM	Gathering encrypted and clr ddl triggers
2/17/2017 12:20:57 PM	Gathering ddl triggers
2/17/2017 12:20:57 PM	Gathering synonyms
2/17/2017 12:20:57 PM	Gathering defaults
2/17/2017 12:20:57 PM	Gathering data constraint uddt bindings
2/17/2017 12:20:57 PM	Gathering rules
2/17/2017 12:20:57 PM	Gathering data constraint uddt bindings
2/17/2017 12:20:57 PM	Gathering message types
2/17/2017 12:20:57 PM	Gathering queues
2/17/2017 12:20:57 PM	Gathering contracts
2/17/2017 12:20:57 PM	Gathering services
2/17/2017 12:20:57 PM	Gathering event notifications
2/17/2017 12:20:57 PM	Gathering remote service bindings
2/17/2017 12:20:57 PM	Gathering broker priorities
2/17/2017 12:20:57 PM	Gathering signatures
2/17/2017 12:20:57 PM	Gathering data compression options
2/17/2017 12:20:57 PM	Gathering sequence types
2/17/2017 12:20:57 PM	Gathering extended properties
2/17/2017 12:20:57 PM	Scanning project for duplicate elements
2/17/2017 12:20:57 PM	Finished duplicate element processing
2/17/2017 12:20:57 PM	Finished importing database.
2/17/2017 12:20:57 PM	A summary of the import was saved to the following location: C:\Users\pdelosreyes\Documents\GitHub\dlR_ManageAppConfig\DevOps\Import Schema Logs\DevOps_20170217082048.log
2/17/2017 12:20:57 PM	Click Finish to continue...
